<?xml version="1.0" encoding="UTF-8"?>
<testng-results ignored="0" total="1" passed="1" failed="0" skipped="0">
  <reporter-output>
  </reporter-output>
  <suite started-at="2021-11-12T13:02:03 IST" name="Default suite" finished-at="2021-11-12T13:02:03 IST" duration-ms="59">
    <groups>
    </groups>
    <test started-at="2021-11-12T13:02:03 IST" name="Default test" finished-at="2021-11-12T13:02:03 IST" duration-ms="59">
      <class name="gitpractice.Test1">
        <test-method signature="test1()[pri:0, instance:gitpractice.Test1@73ee04c8]" started-at="2021-11-12T13:02:03 IST" name="test1" finished-at="2021-11-12T13:02:03 IST" duration-ms="12" status="PASS">
          <reporter-output>
          </reporter-output>
        </test-method> <!-- test1 -->
      </class> <!-- gitpractice.Test1 -->
    </test> <!-- Default test -->
  </suite> <!-- Default suite -->
</testng-results>
