<?xml version="1.0" encoding="UTF-8"?>
<testng-results ignored="0" total="1" passed="1" failed="0" skipped="0">
  <reporter-output>
  </reporter-output>
  <suite started-at="2021-11-11T12:13:29 IST" name="Default suite" finished-at="2021-11-11T12:13:29 IST" duration-ms="71">
    <groups>
    </groups>
    <test started-at="2021-11-11T12:13:29 IST" name="Default test" finished-at="2021-11-11T12:13:29 IST" duration-ms="71">
      <class name="gitpractice.Git_Practice">
        <test-method signature="test1()[pri:0, instance:gitpractice.Git_Practice@26275bef]" started-at="2021-11-11T12:13:29 IST" name="test1" finished-at="2021-11-11T12:13:29 IST" duration-ms="10" status="PASS">
          <reporter-output>
          </reporter-output>
        </test-method> <!-- test1 -->
      </class> <!-- gitpractice.Git_Practice -->
    </test> <!-- Default test -->
  </suite> <!-- Default suite -->
</testng-results>
